2017-01-20 11:26:21,937 | DEBUG | c.a.h.M.Controller | [AWT-EventQueue-0] Run application
2017-01-20 11:26:22,518 | INFO | o.h.Version | [AWT-EventQueue-0] HHH000412: Hibernate Core {5.2.2.Final}
2017-01-20 11:26:22,521 | INFO | o.h.c.Environment | [AWT-EventQueue-0] HHH000206: hibernate.properties not found
2017-01-20 11:26:22,523 | INFO | o.h.c.Environment | [AWT-EventQueue-0] HHH000021: Bytecode provider name : javassist
2017-01-20 11:26:25,394 | INFO | c.a.h.u.HibernateUtil | [AWT-EventQueue-0] Hibernate Annotation Configuration loaded
2017-01-20 11:26:25,416 | INFO | c.a.h.u.HibernateUtil | [AWT-EventQueue-0] Hibernate Annotation serviceRegistry created
2017-01-20 11:26:25,447 | INFO | o.h.a.c.Version | [AWT-EventQueue-0] HCANN000001: Hibernate Commons Annotations {5.0.1.Final}
2017-01-20 11:26:25,568 | WARN | o.h.o.c.pooling | [AWT-EventQueue-0] HHH10001002: Using Hibernate built-in connection pool (not for production use!)
2017-01-20 11:26:25,579 | INFO | o.h.o.c.pooling | [AWT-EventQueue-0] HHH10001005: using driver [com.mysql.jdbc.Driver] at URL [jdbc:mysql://localhost/testdb]
2017-01-20 11:26:25,579 | INFO | o.h.o.c.pooling | [AWT-EventQueue-0] HHH10001001: Connection properties: {user=postgres, password=****}
2017-01-20 11:26:25,580 | INFO | o.h.o.c.pooling | [AWT-EventQueue-0] HHH10001003: Autocommit mode: false
2017-01-20 11:26:25,584 | INFO | o.h.e.j.c.i.DriverManagerConnectionProviderImpl | [AWT-EventQueue-0] HHH000115: Hibernate connection pool size: 20 (min=1)
2017-01-20 11:26:26,656 | INFO | o.h.d.Dialect | [AWT-EventQueue-0] HHH000400: Using dialect: org.hibernate.dialect.MySQL5Dialect
2017-01-20 11:26:28,409 | INFO | o.h.o.c.access | [AWT-EventQueue-0] HHH10001501: Connection obtained from JdbcConnectionAccess [org.hibernate.engine.jdbc.env.internal.JdbcEnvironmentInitiator$ConnectionProviderJdbcConnectionAccess@480579c1] for (non-JTA) DDL execution was not in auto-commit mode; the Connection 'local transaction' will be committed and the Connection will be set into auto-commit mode.
2017-01-20 11:26:29,427 | WARN | o.h.o.deprecation | [AWT-EventQueue-0] HHH90000022: Hibernate's legacy org.hibernate.Criteria API is deprecated; use the JPA javax.persistence.criteria.CriteriaQuery instead
2017-01-20 11:26:29,922 | INFO | o.h.h.i.QueryTranslatorFactoryInitiator | [AWT-EventQueue-0] HHH000397: Using ASTQueryTranslatorFactory
2017-01-20 11:35:31,360 | DEBUG | c.a.h.M.Controller | [AWT-EventQueue-0] Press button Search
2017-01-20 11:35:32,308 | DEBUG | c.a.h.M.Controller | [AWT-EventQueue-0] Select row in table with ID 34
2017-01-20 11:35:32,442 | DEBUG | c.a.h.M.Controller | [AWT-EventQueue-0] Select row in table with ID 34
2017-01-20 11:35:33,419 | DEBUG | c.a.h.M.Controller | [AWT-EventQueue-0] Press button Delete
2017-01-20 11:35:35,050 | WARN | o.h.o.deprecation | [AWT-EventQueue-0] HHH90000022: Hibernate's legacy org.hibernate.Criteria API is deprecated; use the JPA javax.persistence.criteria.CriteriaQuery instead
2017-01-20 11:35:37,304 | DEBUG | c.a.h.M.Controller | [AWT-EventQueue-0] Select row in table with ID 45
2017-01-20 11:35:37,701 | DEBUG | c.a.h.M.Controller | [AWT-EventQueue-0] Select row in table with ID 45
2017-01-20 11:35:38,511 | DEBUG | c.a.h.M.Controller | [AWT-EventQueue-0] Press button Delete
2017-01-20 11:35:39,232 | WARN | o.h.o.deprecation | [AWT-EventQueue-0] HHH90000022: Hibernate's legacy org.hibernate.Criteria API is deprecated; use the JPA javax.persistence.criteria.CriteriaQuery instead
2017-01-20 11:35:44,610 | DEBUG | c.a.h.M.Controller | [AWT-EventQueue-0] Close application
2017-01-20 11:35:44,629 | INFO | o.h.o.c.pooling | [AWT-EventQueue-0] HHH10001008: Cleaning up connection pool [jdbc:mysql://localhost/testdb]
2017-01-20 12:32:04,259 | DEBUG | c.a.h.M.Controller | [AWT-EventQueue-0] Run application
2017-01-20 12:32:04,686 | INFO | o.h.Version | [AWT-EventQueue-0] HHH000412: Hibernate Core {5.2.2.Final}
2017-01-20 12:32:04,688 | INFO | o.h.c.Environment | [AWT-EventQueue-0] HHH000206: hibernate.properties not found
2017-01-20 12:32:04,689 | INFO | o.h.c.Environment | [AWT-EventQueue-0] HHH000021: Bytecode provider name : javassist
2017-01-20 12:32:05,539 | INFO | c.a.h.u.HibernateUtil | [AWT-EventQueue-0] Hibernate Annotation Configuration loaded
2017-01-20 12:32:05,577 | INFO | c.a.h.u.HibernateUtil | [AWT-EventQueue-0] Hibernate Annotation serviceRegistry created
2017-01-20 12:32:05,773 | INFO | o.h.a.c.Version | [AWT-EventQueue-0] HCANN000001: Hibernate Commons Annotations {5.0.1.Final}
2017-01-20 12:32:06,037 | WARN | o.h.o.c.pooling | [AWT-EventQueue-0] HHH10001002: Using Hibernate built-in connection pool (not for production use!)
2017-01-20 12:32:06,050 | INFO | o.h.o.c.pooling | [AWT-EventQueue-0] HHH10001005: using driver [com.mysql.jdbc.Driver] at URL [jdbc:mysql://localhost/testdb]
2017-01-20 12:32:06,051 | INFO | o.h.o.c.pooling | [AWT-EventQueue-0] HHH10001001: Connection properties: {user=postgres, password=****}
2017-01-20 12:32:06,051 | INFO | o.h.o.c.pooling | [AWT-EventQueue-0] HHH10001003: Autocommit mode: false
2017-01-20 12:32:06,057 | INFO | o.h.e.j.c.i.DriverManagerConnectionProviderImpl | [AWT-EventQueue-0] HHH000115: Hibernate connection pool size: 20 (min=1)
2017-01-20 12:32:06,690 | INFO | o.h.d.Dialect | [AWT-EventQueue-0] HHH000400: Using dialect: org.hibernate.dialect.MySQL5Dialect
2017-01-20 12:32:08,532 | INFO | o.h.o.c.access | [AWT-EventQueue-0] HHH10001501: Connection obtained from JdbcConnectionAccess [org.hibernate.engine.jdbc.env.internal.JdbcEnvironmentInitiator$ConnectionProviderJdbcConnectionAccess@3cef5848] for (non-JTA) DDL execution was not in auto-commit mode; the Connection 'local transaction' will be committed and the Connection will be set into auto-commit mode.
2017-01-20 12:32:08,539 | INFO | o.h.t.s.e.i.InformationExtractorJdbcDatabaseMetaDataImpl | [AWT-EventQueue-0] HHH000262: Table not found: Images
2017-01-20 12:32:08,541 | INFO | o.h.t.s.e.i.InformationExtractorJdbcDatabaseMetaDataImpl | [AWT-EventQueue-0] HHH000262: Table not found: Images
2017-01-20 12:32:09,116 | INFO | o.h.t.s.e.i.InformationExtractorJdbcDatabaseMetaDataImpl | [AWT-EventQueue-0] HHH000262: Table not found: IMAGEWRAPER_SEQ
2017-01-20 12:32:09,117 | INFO | o.h.t.s.e.i.InformationExtractorJdbcDatabaseMetaDataImpl | [AWT-EventQueue-0] HHH000262: Table not found: IMAGEWRAPER_SEQ
2017-01-20 12:32:09,793 | INFO | o.h.t.s.e.i.InformationExtractorJdbcDatabaseMetaDataImpl | [AWT-EventQueue-0] HHH000262: Table not found: PRICE
2017-01-20 12:32:09,799 | INFO | o.h.t.s.e.i.InformationExtractorJdbcDatabaseMetaDataImpl | [AWT-EventQueue-0] HHH000262: Table not found: PRICE
2017-01-20 12:32:10,477 | INFO | o.h.t.s.e.i.InformationExtractorJdbcDatabaseMetaDataImpl | [AWT-EventQueue-0] HHH000262: Table not found: PRICE_SEQ
2017-01-20 12:32:10,481 | INFO | o.h.t.s.e.i.InformationExtractorJdbcDatabaseMetaDataImpl | [AWT-EventQueue-0] HHH000262: Table not found: PRICE_SEQ
2017-01-20 12:32:11,814 | INFO | o.h.t.s.e.i.InformationExtractorJdbcDatabaseMetaDataImpl | [AWT-EventQueue-0] HHH000262: Table not found: Products
2017-01-20 12:32:11,817 | INFO | o.h.t.s.e.i.InformationExtractorJdbcDatabaseMetaDataImpl | [AWT-EventQueue-0] HHH000262: Table not found: Products
2017-01-20 12:32:12,622 | INFO | o.h.t.s.e.i.InformationExtractorJdbcDatabaseMetaDataImpl | [AWT-EventQueue-0] HHH000262: Table not found: Products_description
2017-01-20 12:32:12,624 | INFO | o.h.t.s.e.i.InformationExtractorJdbcDatabaseMetaDataImpl | [AWT-EventQueue-0] HHH000262: Table not found: Products_description
2017-01-20 12:32:13,108 | INFO | o.h.t.s.e.i.InformationExtractorJdbcDatabaseMetaDataImpl | [AWT-EventQueue-0] HHH000262: Table not found: PRODUCTS_SEQ
2017-01-20 12:32:13,114 | INFO | o.h.t.s.e.i.InformationExtractorJdbcDatabaseMetaDataImpl | [AWT-EventQueue-0] HHH000262: Table not found: PRODUCTS_SEQ
2017-01-20 12:32:13,559 | INFO | o.h.t.s.e.i.InformationExtractorJdbcDatabaseMetaDataImpl | [AWT-EventQueue-0] HHH000262: Table not found: SUPPLIER
2017-01-20 12:32:13,560 | INFO | o.h.t.s.e.i.InformationExtractorJdbcDatabaseMetaDataImpl | [AWT-EventQueue-0] HHH000262: Table not found: SUPPLIER
2017-01-20 12:32:14,022 | INFO | o.h.t.s.e.i.InformationExtractorJdbcDatabaseMetaDataImpl | [AWT-EventQueue-0] HHH000262: Table not found: SUPPLIER_SEQ
2017-01-20 12:32:14,024 | INFO | o.h.t.s.e.i.InformationExtractorJdbcDatabaseMetaDataImpl | [AWT-EventQueue-0] HHH000262: Table not found: SUPPLIER_SEQ
2017-01-20 12:32:50,843 | WARN | o.h.o.deprecation | [AWT-EventQueue-0] HHH90000022: Hibernate's legacy org.hibernate.Criteria API is deprecated; use the JPA javax.persistence.criteria.CriteriaQuery instead
2017-01-20 12:32:53,818 | INFO | o.h.h.i.QueryTranslatorFactoryInitiator | [AWT-EventQueue-0] HHH000397: Using ASTQueryTranslatorFactory
2017-01-20 12:33:17,997 | DEBUG | c.a.h.M.Controller | [AWT-EventQueue-0] Press button Add
2017-01-20 12:36:23,597 | DEBUG | c.a.h.M.Controller | [AWT-EventQueue-0] AddForm: press button add Image1 and select file
2017-01-20 12:36:32,979 | DEBUG | c.a.h.M.Controller | [AWT-EventQueue-0] AddForm: press button add Image2 and select file
2017-01-20 12:36:42,861 | DEBUG | c.a.h.M.Controller | [AWT-EventQueue-0] AddForm: press button add Image3 and select file
2017-01-20 12:36:44,154 | DEBUG | c.a.h.M.Controller | [AWT-EventQueue-0] AddForm: press button Save changes
2017-01-20 12:36:44,605 | ERROR | o.h.i.ExceptionMapperStandardImpl | [AWT-EventQueue-0] HHH000346: Error during managed flush [org.hibernate.TransientObjectException: object references an unsaved transient instance - save the transient instance beforeQuery flushing: com.atom.hibernateSwing.model.Supplier]
2017-01-20 12:36:44,624 | ERROR | c.a.h.M.Controller | [AWT-EventQueue-0] AddForm: error with save new Product in DB
java.lang.IllegalStateException: org.hibernate.TransientObjectException: object references an unsaved transient instance - save the transient instance beforeQuery flushing: com.atom.hibernateSwing.model.Supplier
	at org.hibernate.internal.ExceptionConverterImpl.convert(ExceptionConverterImpl.java:144) ~[hibernate-core-5.2.2.Final.jar:5.2.2.Final]
	at org.hibernate.internal.ExceptionConverterImpl.convert(ExceptionConverterImpl.java:155) ~[hibernate-core-5.2.2.Final.jar:5.2.2.Final]
	at org.hibernate.internal.ExceptionConverterImpl.convert(ExceptionConverterImpl.java:162) ~[hibernate-core-5.2.2.Final.jar:5.2.2.Final]
	at org.hibernate.internal.SessionImpl.doFlush(SessionImpl.java:1411) ~[hibernate-core-5.2.2.Final.jar:5.2.2.Final]
	at org.hibernate.internal.SessionImpl.managedFlush(SessionImpl.java:475) ~[hibernate-core-5.2.2.Final.jar:5.2.2.Final]
	at org.hibernate.internal.SessionImpl.flushBeforeTransactionCompletion(SessionImpl.java:3168) ~[hibernate-core-5.2.2.Final.jar:5.2.2.Final]
	at org.hibernate.internal.SessionImpl.beforeTransactionCompletion(SessionImpl.java:2382) ~[hibernate-core-5.2.2.Final.jar:5.2.2.Final]
	at org.hibernate.engine.jdbc.internal.JdbcCoordinatorImpl.beforeTransactionCompletion(JdbcCoordinatorImpl.java:467) ~[hibernate-core-5.2.2.Final.jar:5.2.2.Final]
	at org.hibernate.resource.transaction.backend.jdbc.internal.JdbcResourceLocalTransactionCoordinatorImpl.beforeCompletionCallback(JdbcResourceLocalTransactionCoordinatorImpl.java:146) ~[hibernate-core-5.2.2.Final.jar:5.2.2.Final]
	at org.hibernate.resource.transaction.backend.jdbc.internal.JdbcResourceLocalTransactionCoordinatorImpl.access$100(JdbcResourceLocalTransactionCoordinatorImpl.java:38) ~[hibernate-core-5.2.2.Final.jar:5.2.2.Final]
	at org.hibernate.resource.transaction.backend.jdbc.internal.JdbcResourceLocalTransactionCoordinatorImpl$TransactionDriverControlImpl.commit(JdbcResourceLocalTransactionCoordinatorImpl.java:220) ~[hibernate-core-5.2.2.Final.jar:5.2.2.Final]
	at org.hibernate.engine.transaction.internal.TransactionImpl.commit(TransactionImpl.java:68) ~[hibernate-core-5.2.2.Final.jar:5.2.2.Final]
	at com.atom.hibernateSwing.dao.ProductsDAOImpl.commitCurrentSession(ProductsDAOImpl.java:113) ~[classes/:?]
	at com.atom.hibernateSwing.MVC.Controller$20.actionPerformed(Controller.java:929) [classes/:?]
	at javax.swing.AbstractButton.fireActionPerformed(AbstractButton.java:2022) [?:1.8.0_60]
	at javax.swing.AbstractButton$Handler.actionPerformed(AbstractButton.java:2348) [?:1.8.0_60]
	at javax.swing.DefaultButtonModel.fireActionPerformed(DefaultButtonModel.java:402) [?:1.8.0_60]
	at javax.swing.DefaultButtonModel.setPressed(DefaultButtonModel.java:259) [?:1.8.0_60]
	at javax.swing.plaf.basic.BasicButtonListener.mouseReleased(BasicButtonListener.java:252) [?:1.8.0_60]
	at java.awt.Component.processMouseEvent(Component.java:6535) [?:1.8.0_60]
	at javax.swing.JComponent.processMouseEvent(JComponent.java:3324) [?:1.8.0_60]
	at java.awt.Component.processEvent(Component.java:6300) [?:1.8.0_60]
	at java.awt.Container.processEvent(Container.java:2236) [?:1.8.0_60]
	at java.awt.Component.dispatchEventImpl(Component.java:4891) [?:1.8.0_60]
	at java.awt.Container.dispatchEventImpl(Container.java:2294) [?:1.8.0_60]
	at java.awt.Component.dispatchEvent(Component.java:4713) [?:1.8.0_60]
	at java.awt.LightweightDispatcher.retargetMouseEvent(Container.java:4888) [?:1.8.0_60]
	at java.awt.LightweightDispatcher.processMouseEvent(Container.java:4525) [?:1.8.0_60]
	at java.awt.LightweightDispatcher.dispatchEvent(Container.java:4466) [?:1.8.0_60]
	at java.awt.Container.dispatchEventImpl(Container.java:2280) [?:1.8.0_60]
	at java.awt.Window.dispatchEventImpl(Window.java:2750) [?:1.8.0_60]
	at java.awt.Component.dispatchEvent(Component.java:4713) [?:1.8.0_60]
	at java.awt.EventQueue.dispatchEventImpl(EventQueue.java:758) [?:1.8.0_60]
	at java.awt.EventQueue.access$500(EventQueue.java:97) [?:1.8.0_60]
	at java.awt.EventQueue$3.run(EventQueue.java:709) [?:1.8.0_60]
	at java.awt.EventQueue$3.run(EventQueue.java:703) [?:1.8.0_60]
	at java.security.AccessController.doPrivileged(Native Method) ~[?:1.8.0_60]
	at java.security.ProtectionDomain$JavaSecurityAccessImpl.doIntersectionPrivilege(ProtectionDomain.java:76) [?:1.8.0_60]
	at java.security.ProtectionDomain$JavaSecurityAccessImpl.doIntersectionPrivilege(ProtectionDomain.java:86) [?:1.8.0_60]
	at java.awt.EventQueue$4.run(EventQueue.java:731) [?:1.8.0_60]
	at java.awt.EventQueue$4.run(EventQueue.java:729) [?:1.8.0_60]
	at java.security.AccessController.doPrivileged(Native Method) ~[?:1.8.0_60]
	at java.security.ProtectionDomain$JavaSecurityAccessImpl.doIntersectionPrivilege(ProtectionDomain.java:76) [?:1.8.0_60]
	at java.awt.EventQueue.dispatchEvent(EventQueue.java:728) [?:1.8.0_60]
	at java.awt.EventDispatchThread.pumpOneEventForFilters(EventDispatchThread.java:201) [?:1.8.0_60]
	at java.awt.EventDispatchThread.pumpEventsForFilter(EventDispatchThread.java:116) [?:1.8.0_60]
	at java.awt.EventDispatchThread.pumpEventsForHierarchy(EventDispatchThread.java:105) [?:1.8.0_60]
	at java.awt.EventDispatchThread.pumpEvents(EventDispatchThread.java:101) [?:1.8.0_60]
	at java.awt.EventDispatchThread.pumpEvents(EventDispatchThread.java:93) [?:1.8.0_60]
	at java.awt.EventDispatchThread.run(EventDispatchThread.java:82) [?:1.8.0_60]
Caused by: org.hibernate.TransientObjectException: object references an unsaved transient instance - save the transient instance beforeQuery flushing: com.atom.hibernateSwing.model.Supplier
	at org.hibernate.engine.internal.ForeignKeys.getEntityIdentifierIfNotUnsaved(ForeignKeys.java:279) ~[hibernate-core-5.2.2.Final.jar:5.2.2.Final]
	at org.hibernate.type.EntityType.getIdentifier(EntityType.java:462) ~[hibernate-core-5.2.2.Final.jar:5.2.2.Final]
	at org.hibernate.type.ManyToOneType.isDirty(ManyToOneType.java:298) ~[hibernate-core-5.2.2.Final.jar:5.2.2.Final]
	at org.hibernate.type.ManyToOneType.isDirty(ManyToOneType.java:309) ~[hibernate-core-5.2.2.Final.jar:5.2.2.Final]
	at org.hibernate.type.TypeHelper.findDirty(TypeHelper.java:296) ~[hibernate-core-5.2.2.Final.jar:5.2.2.Final]
	at org.hibernate.persister.entity.AbstractEntityPersister.findDirty(AbstractEntityPersister.java:4139) ~[hibernate-core-5.2.2.Final.jar:5.2.2.Final]
	at org.hibernate.event.internal.DefaultFlushEntityEventListener.dirtyCheck(DefaultFlushEntityEventListener.java:528) ~[hibernate-core-5.2.2.Final.jar:5.2.2.Final]
	at org.hibernate.event.internal.DefaultFlushEntityEventListener.isUpdateNecessary(DefaultFlushEntityEventListener.java:215) ~[hibernate-core-5.2.2.Final.jar:5.2.2.Final]
	at org.hibernate.event.internal.DefaultFlushEntityEventListener.onFlushEntity(DefaultFlushEntityEventListener.java:142) ~[hibernate-core-5.2.2.Final.jar:5.2.2.Final]
	at org.hibernate.event.internal.AbstractFlushingEventListener.flushEntities(AbstractFlushingEventListener.java:216) ~[hibernate-core-5.2.2.Final.jar:5.2.2.Final]
	at org.hibernate.event.internal.AbstractFlushingEventListener.flushEverythingToExecutions(AbstractFlushingEventListener.java:85) ~[hibernate-core-5.2.2.Final.jar:5.2.2.Final]
	at org.hibernate.event.internal.DefaultFlushEventListener.onFlush(DefaultFlushEventListener.java:38) ~[hibernate-core-5.2.2.Final.jar:5.2.2.Final]
	at org.hibernate.internal.SessionImpl.doFlush(SessionImpl.java:1405) ~[hibernate-core-5.2.2.Final.jar:5.2.2.Final]
	... 46 more
2017-01-20 12:36:46,375 | WARN | o.h.o.deprecation | [AWT-EventQueue-0] HHH90000022: Hibernate's legacy org.hibernate.Criteria API is deprecated; use the JPA javax.persistence.criteria.CriteriaQuery instead
2017-01-20 12:37:06,022 | DEBUG | c.a.h.M.Controller | [AWT-EventQueue-0] AddForm: press button Cancel changes
2017-01-20 12:37:10,286 | DEBUG | c.a.h.M.Controller | [AWT-EventQueue-0] Press button Add
2017-01-20 12:37:13,450 | DEBUG | c.a.h.M.Controller | [AWT-EventQueue-0] AddForm: press button Save changes
2017-01-20 12:37:13,451 | ERROR | c.a.h.M.Controller | [AWT-EventQueue-0] AddForm: error with save new product in DB. Getting data have not correct format
2017-01-20 12:37:48,158 | DEBUG | c.a.h.M.Controller | [AWT-EventQueue-0] AddForm: press button Save changes
2017-01-20 12:37:48,263 | ERROR | o.h.i.ExceptionMapperStandardImpl | [AWT-EventQueue-0] HHH000346: Error during managed flush [org.hibernate.TransientObjectException: object references an unsaved transient instance - save the transient instance beforeQuery flushing: com.atom.hibernateSwing.model.Supplier]
2017-01-20 12:37:48,265 | ERROR | c.a.h.M.Controller | [AWT-EventQueue-0] AddForm: error with save new Product in DB
java.lang.IllegalStateException: org.hibernate.TransientObjectException: object references an unsaved transient instance - save the transient instance beforeQuery flushing: com.atom.hibernateSwing.model.Supplier
	at org.hibernate.internal.ExceptionConverterImpl.convert(ExceptionConverterImpl.java:144) ~[hibernate-core-5.2.2.Final.jar:5.2.2.Final]
	at org.hibernate.internal.ExceptionConverterImpl.convert(ExceptionConverterImpl.java:155) ~[hibernate-core-5.2.2.Final.jar:5.2.2.Final]
	at org.hibernate.internal.ExceptionConverterImpl.convert(ExceptionConverterImpl.java:162) ~[hibernate-core-5.2.2.Final.jar:5.2.2.Final]
	at org.hibernate.internal.SessionImpl.doFlush(SessionImpl.java:1411) ~[hibernate-core-5.2.2.Final.jar:5.2.2.Final]
	at org.hibernate.internal.SessionImpl.managedFlush(SessionImpl.java:475) ~[hibernate-core-5.2.2.Final.jar:5.2.2.Final]
	at org.hibernate.internal.SessionImpl.flushBeforeTransactionCompletion(SessionImpl.java:3168) ~[hibernate-core-5.2.2.Final.jar:5.2.2.Final]
	at org.hibernate.internal.SessionImpl.beforeTransactionCompletion(SessionImpl.java:2382) ~[hibernate-core-5.2.2.Final.jar:5.2.2.Final]
	at org.hibernate.engine.jdbc.internal.JdbcCoordinatorImpl.beforeTransactionCompletion(JdbcCoordinatorImpl.java:467) ~[hibernate-core-5.2.2.Final.jar:5.2.2.Final]
	at org.hibernate.resource.transaction.backend.jdbc.internal.JdbcResourceLocalTransactionCoordinatorImpl.beforeCompletionCallback(JdbcResourceLocalTransactionCoordinatorImpl.java:146) ~[hibernate-core-5.2.2.Final.jar:5.2.2.Final]
	at org.hibernate.resource.transaction.backend.jdbc.internal.JdbcResourceLocalTransactionCoordinatorImpl.access$100(JdbcResourceLocalTransactionCoordinatorImpl.java:38) ~[hibernate-core-5.2.2.Final.jar:5.2.2.Final]
	at org.hibernate.resource.transaction.backend.jdbc.internal.JdbcResourceLocalTransactionCoordinatorImpl$TransactionDriverControlImpl.commit(JdbcResourceLocalTransactionCoordinatorImpl.java:220) ~[hibernate-core-5.2.2.Final.jar:5.2.2.Final]
	at org.hibernate.engine.transaction.internal.TransactionImpl.commit(TransactionImpl.java:68) ~[hibernate-core-5.2.2.Final.jar:5.2.2.Final]
	at com.atom.hibernateSwing.dao.ProductsDAOImpl.commitCurrentSession(ProductsDAOImpl.java:113) ~[classes/:?]
	at com.atom.hibernateSwing.MVC.Controller$20.actionPerformed(Controller.java:929) [classes/:?]
	at javax.swing.AbstractButton.fireActionPerformed(AbstractButton.java:2022) [?:1.8.0_60]
	at javax.swing.AbstractButton$Handler.actionPerformed(AbstractButton.java:2348) [?:1.8.0_60]
	at javax.swing.DefaultButtonModel.fireActionPerformed(DefaultButtonModel.java:402) [?:1.8.0_60]
	at javax.swing.DefaultButtonModel.setPressed(DefaultButtonModel.java:259) [?:1.8.0_60]
	at javax.swing.plaf.basic.BasicButtonListener.mouseReleased(BasicButtonListener.java:252) [?:1.8.0_60]
	at java.awt.Component.processMouseEvent(Component.java:6535) [?:1.8.0_60]
	at javax.swing.JComponent.processMouseEvent(JComponent.java:3324) [?:1.8.0_60]
	at java.awt.Component.processEvent(Component.java:6300) [?:1.8.0_60]
	at java.awt.Container.processEvent(Container.java:2236) [?:1.8.0_60]
	at java.awt.Component.dispatchEventImpl(Component.java:4891) [?:1.8.0_60]
	at java.awt.Container.dispatchEventImpl(Container.java:2294) [?:1.8.0_60]
	at java.awt.Component.dispatchEvent(Component.java:4713) [?:1.8.0_60]
	at java.awt.LightweightDispatcher.retargetMouseEvent(Container.java:4888) [?:1.8.0_60]
	at java.awt.LightweightDispatcher.processMouseEvent(Container.java:4525) [?:1.8.0_60]
	at java.awt.LightweightDispatcher.dispatchEvent(Container.java:4466) [?:1.8.0_60]
	at java.awt.Container.dispatchEventImpl(Container.java:2280) [?:1.8.0_60]
	at java.awt.Window.dispatchEventImpl(Window.java:2750) [?:1.8.0_60]
	at java.awt.Component.dispatchEvent(Component.java:4713) [?:1.8.0_60]
	at java.awt.EventQueue.dispatchEventImpl(EventQueue.java:758) [?:1.8.0_60]
	at java.awt.EventQueue.access$500(EventQueue.java:97) [?:1.8.0_60]
	at java.awt.EventQueue$3.run(EventQueue.java:709) [?:1.8.0_60]
	at java.awt.EventQueue$3.run(EventQueue.java:703) [?:1.8.0_60]
	at java.security.AccessController.doPrivileged(Native Method) ~[?:1.8.0_60]
	at java.security.ProtectionDomain$JavaSecurityAccessImpl.doIntersectionPrivilege(ProtectionDomain.java:76) [?:1.8.0_60]
	at java.security.ProtectionDomain$JavaSecurityAccessImpl.doIntersectionPrivilege(ProtectionDomain.java:86) [?:1.8.0_60]
	at java.awt.EventQueue$4.run(EventQueue.java:731) [?:1.8.0_60]
	at java.awt.EventQueue$4.run(EventQueue.java:729) [?:1.8.0_60]
	at java.security.AccessController.doPrivileged(Native Method) ~[?:1.8.0_60]
	at java.security.ProtectionDomain$JavaSecurityAccessImpl.doIntersectionPrivilege(ProtectionDomain.java:76) [?:1.8.0_60]
	at java.awt.EventQueue.dispatchEvent(EventQueue.java:728) [?:1.8.0_60]
	at java.awt.EventDispatchThread.pumpOneEventForFilters(EventDispatchThread.java:201) [?:1.8.0_60]
	at java.awt.EventDispatchThread.pumpEventsForFilter(EventDispatchThread.java:116) [?:1.8.0_60]
	at java.awt.EventDispatchThread.pumpEventsForHierarchy(EventDispatchThread.java:105) [?:1.8.0_60]
	at java.awt.EventDispatchThread.pumpEvents(EventDispatchThread.java:101) [?:1.8.0_60]
	at java.awt.EventDispatchThread.pumpEvents(EventDispatchThread.java:93) [?:1.8.0_60]
	at java.awt.EventDispatchThread.run(EventDispatchThread.java:82) [?:1.8.0_60]
Caused by: org.hibernate.TransientObjectException: object references an unsaved transient instance - save the transient instance beforeQuery flushing: com.atom.hibernateSwing.model.Supplier
	at org.hibernate.engine.internal.ForeignKeys.getEntityIdentifierIfNotUnsaved(ForeignKeys.java:279) ~[hibernate-core-5.2.2.Final.jar:5.2.2.Final]
	at org.hibernate.type.EntityType.getIdentifier(EntityType.java:462) ~[hibernate-core-5.2.2.Final.jar:5.2.2.Final]
	at org.hibernate.type.ManyToOneType.isDirty(ManyToOneType.java:298) ~[hibernate-core-5.2.2.Final.jar:5.2.2.Final]
	at org.hibernate.type.ManyToOneType.isDirty(ManyToOneType.java:309) ~[hibernate-core-5.2.2.Final.jar:5.2.2.Final]
	at org.hibernate.type.TypeHelper.findDirty(TypeHelper.java:296) ~[hibernate-core-5.2.2.Final.jar:5.2.2.Final]
	at org.hibernate.persister.entity.AbstractEntityPersister.findDirty(AbstractEntityPersister.java:4139) ~[hibernate-core-5.2.2.Final.jar:5.2.2.Final]
	at org.hibernate.event.internal.DefaultFlushEntityEventListener.dirtyCheck(DefaultFlushEntityEventListener.java:528) ~[hibernate-core-5.2.2.Final.jar:5.2.2.Final]
	at org.hibernate.event.internal.DefaultFlushEntityEventListener.isUpdateNecessary(DefaultFlushEntityEventListener.java:215) ~[hibernate-core-5.2.2.Final.jar:5.2.2.Final]
	at org.hibernate.event.internal.DefaultFlushEntityEventListener.onFlushEntity(DefaultFlushEntityEventListener.java:142) ~[hibernate-core-5.2.2.Final.jar:5.2.2.Final]
	at org.hibernate.event.internal.AbstractFlushingEventListener.flushEntities(AbstractFlushingEventListener.java:216) ~[hibernate-core-5.2.2.Final.jar:5.2.2.Final]
	at org.hibernate.event.internal.AbstractFlushingEventListener.flushEverythingToExecutions(AbstractFlushingEventListener.java:85) ~[hibernate-core-5.2.2.Final.jar:5.2.2.Final]
	at org.hibernate.event.internal.DefaultFlushEventListener.onFlush(DefaultFlushEventListener.java:38) ~[hibernate-core-5.2.2.Final.jar:5.2.2.Final]
	at org.hibernate.internal.SessionImpl.doFlush(SessionImpl.java:1405) ~[hibernate-core-5.2.2.Final.jar:5.2.2.Final]
	... 46 more
2017-01-20 12:37:49,187 | WARN | o.h.o.deprecation | [AWT-EventQueue-0] HHH90000022: Hibernate's legacy org.hibernate.Criteria API is deprecated; use the JPA javax.persistence.criteria.CriteriaQuery instead
2017-01-20 12:37:50,611 | DEBUG | c.a.h.M.Controller | [AWT-EventQueue-0] AddForm: press button Cancel changes
2017-01-20 12:37:51,473 | DEBUG | c.a.h.M.Controller | [AWT-EventQueue-0] Press button Search
2017-01-20 12:44:02,808 | DEBUG | c.a.h.M.Controller | [AWT-EventQueue-0] Close application
2017-01-20 12:44:02,813 | INFO | o.h.o.c.pooling | [AWT-EventQueue-0] HHH10001008: Cleaning up connection pool [jdbc:mysql://localhost/testdb]
2017-01-20 12:44:09,698 | DEBUG | c.a.h.M.Controller | [AWT-EventQueue-0] Run application
2017-01-20 12:44:09,964 | INFO | o.h.Version | [AWT-EventQueue-0] HHH000412: Hibernate Core {5.2.2.Final}
2017-01-20 12:44:09,967 | INFO | o.h.c.Environment | [AWT-EventQueue-0] HHH000206: hibernate.properties not found
2017-01-20 12:44:09,969 | INFO | o.h.c.Environment | [AWT-EventQueue-0] HHH000021: Bytecode provider name : javassist
2017-01-20 12:44:10,603 | INFO | c.a.h.u.HibernateUtil | [AWT-EventQueue-0] Hibernate Annotation Configuration loaded
2017-01-20 12:44:10,620 | INFO | c.a.h.u.HibernateUtil | [AWT-EventQueue-0] Hibernate Annotation serviceRegistry created
2017-01-20 12:44:10,660 | INFO | o.h.a.c.Version | [AWT-EventQueue-0] HCANN000001: Hibernate Commons Annotations {5.0.1.Final}
2017-01-20 12:44:10,754 | WARN | o.h.o.c.pooling | [AWT-EventQueue-0] HHH10001002: Using Hibernate built-in connection pool (not for production use!)
2017-01-20 12:44:10,762 | INFO | o.h.o.c.pooling | [AWT-EventQueue-0] HHH10001005: using driver [com.mysql.jdbc.Driver] at URL [jdbc:mysql://localhost/testdb]
2017-01-20 12:44:10,762 | INFO | o.h.o.c.pooling | [AWT-EventQueue-0] HHH10001001: Connection properties: {user=postgres, password=****}
2017-01-20 12:44:10,762 | INFO | o.h.o.c.pooling | [AWT-EventQueue-0] HHH10001003: Autocommit mode: false
2017-01-20 12:44:10,765 | INFO | o.h.e.j.c.i.DriverManagerConnectionProviderImpl | [AWT-EventQueue-0] HHH000115: Hibernate connection pool size: 20 (min=1)
2017-01-20 12:44:11,218 | INFO | o.h.d.Dialect | [AWT-EventQueue-0] HHH000400: Using dialect: org.hibernate.dialect.MySQL5Dialect
2017-01-20 12:44:12,300 | INFO | o.h.o.c.access | [AWT-EventQueue-0] HHH10001501: Connection obtained from JdbcConnectionAccess [org.hibernate.engine.jdbc.env.internal.JdbcEnvironmentInitiator$ConnectionProviderJdbcConnectionAccess@3cef5848] for (non-JTA) DDL execution was not in auto-commit mode; the Connection 'local transaction' will be committed and the Connection will be set into auto-commit mode.
2017-01-20 12:44:12,895 | WARN | o.h.o.deprecation | [AWT-EventQueue-0] HHH90000022: Hibernate's legacy org.hibernate.Criteria API is deprecated; use the JPA javax.persistence.criteria.CriteriaQuery instead
2017-01-20 12:44:12,993 | INFO | o.h.h.i.QueryTranslatorFactoryInitiator | [AWT-EventQueue-0] HHH000397: Using ASTQueryTranslatorFactory
2017-01-20 12:44:18,804 | DEBUG | c.a.h.M.Controller | [AWT-EventQueue-0] Press button Search
2017-01-20 12:44:20,872 | DEBUG | c.a.h.M.Controller | [AWT-EventQueue-0] Press button Add
2017-01-20 12:44:32,911 | DEBUG | c.a.h.M.Controller | [AWT-EventQueue-0] AddForm: press button Save changes
2017-01-20 12:44:33,109 | ERROR | o.h.i.ExceptionMapperStandardImpl | [AWT-EventQueue-0] HHH000346: Error during managed flush [org.hibernate.TransientObjectException: object references an unsaved transient instance - save the transient instance beforeQuery flushing: com.atom.hibernateSwing.model.Supplier]
2017-01-20 12:44:33,115 | ERROR | c.a.h.M.Controller | [AWT-EventQueue-0] AddForm: error with save new Product in DB
java.lang.IllegalStateException: org.hibernate.TransientObjectException: object references an unsaved transient instance - save the transient instance beforeQuery flushing: com.atom.hibernateSwing.model.Supplier
	at org.hibernate.internal.ExceptionConverterImpl.convert(ExceptionConverterImpl.java:144) ~[hibernate-core-5.2.2.Final.jar:5.2.2.Final]
	at org.hibernate.internal.ExceptionConverterImpl.convert(ExceptionConverterImpl.java:155) ~[hibernate-core-5.2.2.Final.jar:5.2.2.Final]
	at org.hibernate.internal.ExceptionConverterImpl.convert(ExceptionConverterImpl.java:162) ~[hibernate-core-5.2.2.Final.jar:5.2.2.Final]
	at org.hibernate.internal.SessionImpl.doFlush(SessionImpl.java:1411) ~[hibernate-core-5.2.2.Final.jar:5.2.2.Final]
	at org.hibernate.internal.SessionImpl.managedFlush(SessionImpl.java:475) ~[hibernate-core-5.2.2.Final.jar:5.2.2.Final]
	at org.hibernate.internal.SessionImpl.flushBeforeTransactionCompletion(SessionImpl.java:3168) ~[hibernate-core-5.2.2.Final.jar:5.2.2.Final]
	at org.hibernate.internal.SessionImpl.beforeTransactionCompletion(SessionImpl.java:2382) ~[hibernate-core-5.2.2.Final.jar:5.2.2.Final]
	at org.hibernate.engine.jdbc.internal.JdbcCoordinatorImpl.beforeTransactionCompletion(JdbcCoordinatorImpl.java:467) ~[hibernate-core-5.2.2.Final.jar:5.2.2.Final]
	at org.hibernate.resource.transaction.backend.jdbc.internal.JdbcResourceLocalTransactionCoordinatorImpl.beforeCompletionCallback(JdbcResourceLocalTransactionCoordinatorImpl.java:146) ~[hibernate-core-5.2.2.Final.jar:5.2.2.Final]
	at org.hibernate.resource.transaction.backend.jdbc.internal.JdbcResourceLocalTransactionCoordinatorImpl.access$100(JdbcResourceLocalTransactionCoordinatorImpl.java:38) ~[hibernate-core-5.2.2.Final.jar:5.2.2.Final]
	at org.hibernate.resource.transaction.backend.jdbc.internal.JdbcResourceLocalTransactionCoordinatorImpl$TransactionDriverControlImpl.commit(JdbcResourceLocalTransactionCoordinatorImpl.java:220) ~[hibernate-core-5.2.2.Final.jar:5.2.2.Final]
	at org.hibernate.engine.transaction.internal.TransactionImpl.commit(TransactionImpl.java:68) ~[hibernate-core-5.2.2.Final.jar:5.2.2.Final]
	at com.atom.hibernateSwing.dao.ProductsDAOImpl.commitCurrentSession(ProductsDAOImpl.java:113) ~[classes/:?]
	at com.atom.hibernateSwing.MVC.Controller$20.actionPerformed(Controller.java:929) [classes/:?]
	at javax.swing.AbstractButton.fireActionPerformed(AbstractButton.java:2022) [?:1.8.0_60]
	at javax.swing.AbstractButton$Handler.actionPerformed(AbstractButton.java:2348) [?:1.8.0_60]
	at javax.swing.DefaultButtonModel.fireActionPerformed(DefaultButtonModel.java:402) [?:1.8.0_60]
	at javax.swing.DefaultButtonModel.setPressed(DefaultButtonModel.java:259) [?:1.8.0_60]
	at javax.swing.plaf.basic.BasicButtonListener.mouseReleased(BasicButtonListener.java:252) [?:1.8.0_60]
	at java.awt.Component.processMouseEvent(Component.java:6535) [?:1.8.0_60]
	at javax.swing.JComponent.processMouseEvent(JComponent.java:3324) [?:1.8.0_60]
	at java.awt.Component.processEvent(Component.java:6300) [?:1.8.0_60]
	at java.awt.Container.processEvent(Container.java:2236) [?:1.8.0_60]
	at java.awt.Component.dispatchEventImpl(Component.java:4891) [?:1.8.0_60]
	at java.awt.Container.dispatchEventImpl(Container.java:2294) [?:1.8.0_60]
	at java.awt.Component.dispatchEvent(Component.java:4713) [?:1.8.0_60]
	at java.awt.LightweightDispatcher.retargetMouseEvent(Container.java:4888) [?:1.8.0_60]
	at java.awt.LightweightDispatcher.processMouseEvent(Container.java:4525) [?:1.8.0_60]
	at java.awt.LightweightDispatcher.dispatchEvent(Container.java:4466) [?:1.8.0_60]
	at java.awt.Container.dispatchEventImpl(Container.java:2280) [?:1.8.0_60]
	at java.awt.Window.dispatchEventImpl(Window.java:2750) [?:1.8.0_60]
	at java.awt.Component.dispatchEvent(Component.java:4713) [?:1.8.0_60]
	at java.awt.EventQueue.dispatchEventImpl(EventQueue.java:758) [?:1.8.0_60]
	at java.awt.EventQueue.access$500(EventQueue.java:97) [?:1.8.0_60]
	at java.awt.EventQueue$3.run(EventQueue.java:709) [?:1.8.0_60]
	at java.awt.EventQueue$3.run(EventQueue.java:703) [?:1.8.0_60]
	at java.security.AccessController.doPrivileged(Native Method) ~[?:1.8.0_60]
	at java.security.ProtectionDomain$JavaSecurityAccessImpl.doIntersectionPrivilege(ProtectionDomain.java:76) [?:1.8.0_60]
	at java.security.ProtectionDomain$JavaSecurityAccessImpl.doIntersectionPrivilege(ProtectionDomain.java:86) [?:1.8.0_60]
	at java.awt.EventQueue$4.run(EventQueue.java:731) [?:1.8.0_60]
	at java.awt.EventQueue$4.run(EventQueue.java:729) [?:1.8.0_60]
	at java.security.AccessController.doPrivileged(Native Method) ~[?:1.8.0_60]
	at java.security.ProtectionDomain$JavaSecurityAccessImpl.doIntersectionPrivilege(ProtectionDomain.java:76) [?:1.8.0_60]
	at java.awt.EventQueue.dispatchEvent(EventQueue.java:728) [?:1.8.0_60]
	at java.awt.EventDispatchThread.pumpOneEventForFilters(EventDispatchThread.java:201) [?:1.8.0_60]
	at java.awt.EventDispatchThread.pumpEventsForFilter(EventDispatchThread.java:116) [?:1.8.0_60]
	at java.awt.EventDispatchThread.pumpEventsForHierarchy(EventDispatchThread.java:105) [?:1.8.0_60]
	at java.awt.EventDispatchThread.pumpEvents(EventDispatchThread.java:101) [?:1.8.0_60]
	at java.awt.EventDispatchThread.pumpEvents(EventDispatchThread.java:93) [?:1.8.0_60]
	at java.awt.EventDispatchThread.run(EventDispatchThread.java:82) [?:1.8.0_60]
Caused by: org.hibernate.TransientObjectException: object references an unsaved transient instance - save the transient instance beforeQuery flushing: com.atom.hibernateSwing.model.Supplier
	at org.hibernate.engine.internal.ForeignKeys.getEntityIdentifierIfNotUnsaved(ForeignKeys.java:279) ~[hibernate-core-5.2.2.Final.jar:5.2.2.Final]
	at org.hibernate.type.EntityType.getIdentifier(EntityType.java:462) ~[hibernate-core-5.2.2.Final.jar:5.2.2.Final]
	at org.hibernate.type.ManyToOneType.isDirty(ManyToOneType.java:298) ~[hibernate-core-5.2.2.Final.jar:5.2.2.Final]
	at org.hibernate.type.ManyToOneType.isDirty(ManyToOneType.java:309) ~[hibernate-core-5.2.2.Final.jar:5.2.2.Final]
	at org.hibernate.type.TypeHelper.findDirty(TypeHelper.java:296) ~[hibernate-core-5.2.2.Final.jar:5.2.2.Final]
	at org.hibernate.persister.entity.AbstractEntityPersister.findDirty(AbstractEntityPersister.java:4139) ~[hibernate-core-5.2.2.Final.jar:5.2.2.Final]
	at org.hibernate.event.internal.DefaultFlushEntityEventListener.dirtyCheck(DefaultFlushEntityEventListener.java:528) ~[hibernate-core-5.2.2.Final.jar:5.2.2.Final]
	at org.hibernate.event.internal.DefaultFlushEntityEventListener.isUpdateNecessary(DefaultFlushEntityEventListener.java:215) ~[hibernate-core-5.2.2.Final.jar:5.2.2.Final]
	at org.hibernate.event.internal.DefaultFlushEntityEventListener.onFlushEntity(DefaultFlushEntityEventListener.java:142) ~[hibernate-core-5.2.2.Final.jar:5.2.2.Final]
	at org.hibernate.event.internal.AbstractFlushingEventListener.flushEntities(AbstractFlushingEventListener.java:216) ~[hibernate-core-5.2.2.Final.jar:5.2.2.Final]
	at org.hibernate.event.internal.AbstractFlushingEventListener.flushEverythingToExecutions(AbstractFlushingEventListener.java:85) ~[hibernate-core-5.2.2.Final.jar:5.2.2.Final]
	at org.hibernate.event.internal.DefaultFlushEventListener.onFlush(DefaultFlushEventListener.java:38) ~[hibernate-core-5.2.2.Final.jar:5.2.2.Final]
	at org.hibernate.internal.SessionImpl.doFlush(SessionImpl.java:1405) ~[hibernate-core-5.2.2.Final.jar:5.2.2.Final]
	... 46 more
2017-01-20 12:44:34,781 | WARN | o.h.o.deprecation | [AWT-EventQueue-0] HHH90000022: Hibernate's legacy org.hibernate.Criteria API is deprecated; use the JPA javax.persistence.criteria.CriteriaQuery instead
2017-01-20 12:44:53,253 | DEBUG | c.a.h.M.Controller | [AWT-EventQueue-0] AddForm: press button Save changes
2017-01-20 12:44:53,367 | ERROR | o.h.i.ExceptionMapperStandardImpl | [AWT-EventQueue-0] HHH000346: Error during managed flush [org.hibernate.TransientObjectException: object references an unsaved transient instance - save the transient instance beforeQuery flushing: com.atom.hibernateSwing.model.Supplier]
2017-01-20 12:44:53,369 | ERROR | c.a.h.M.Controller | [AWT-EventQueue-0] AddForm: error with save new Product in DB
java.lang.IllegalStateException: org.hibernate.TransientObjectException: object references an unsaved transient instance - save the transient instance beforeQuery flushing: com.atom.hibernateSwing.model.Supplier
	at org.hibernate.internal.ExceptionConverterImpl.convert(ExceptionConverterImpl.java:144) ~[hibernate-core-5.2.2.Final.jar:5.2.2.Final]
	at org.hibernate.internal.ExceptionConverterImpl.convert(ExceptionConverterImpl.java:155) ~[hibernate-core-5.2.2.Final.jar:5.2.2.Final]
	at org.hibernate.internal.ExceptionConverterImpl.convert(ExceptionConverterImpl.java:162) ~[hibernate-core-5.2.2.Final.jar:5.2.2.Final]
	at org.hibernate.internal.SessionImpl.doFlush(SessionImpl.java:1411) ~[hibernate-core-5.2.2.Final.jar:5.2.2.Final]
	at org.hibernate.internal.SessionImpl.managedFlush(SessionImpl.java:475) ~[hibernate-core-5.2.2.Final.jar:5.2.2.Final]
	at org.hibernate.internal.SessionImpl.flushBeforeTransactionCompletion(SessionImpl.java:3168) ~[hibernate-core-5.2.2.Final.jar:5.2.2.Final]
	at org.hibernate.internal.SessionImpl.beforeTransactionCompletion(SessionImpl.java:2382) ~[hibernate-core-5.2.2.Final.jar:5.2.2.Final]
	at org.hibernate.engine.jdbc.internal.JdbcCoordinatorImpl.beforeTransactionCompletion(JdbcCoordinatorImpl.java:467) ~[hibernate-core-5.2.2.Final.jar:5.2.2.Final]
	at org.hibernate.resource.transaction.backend.jdbc.internal.JdbcResourceLocalTransactionCoordinatorImpl.beforeCompletionCallback(JdbcResourceLocalTransactionCoordinatorImpl.java:146) ~[hibernate-core-5.2.2.Final.jar:5.2.2.Final]
	at org.hibernate.resource.transaction.backend.jdbc.internal.JdbcResourceLocalTransactionCoordinatorImpl.access$100(JdbcResourceLocalTransactionCoordinatorImpl.java:38) ~[hibernate-core-5.2.2.Final.jar:5.2.2.Final]
	at org.hibernate.resource.transaction.backend.jdbc.internal.JdbcResourceLocalTransactionCoordinatorImpl$TransactionDriverControlImpl.commit(JdbcResourceLocalTransactionCoordinatorImpl.java:220) ~[hibernate-core-5.2.2.Final.jar:5.2.2.Final]
	at org.hibernate.engine.transaction.internal.TransactionImpl.commit(TransactionImpl.java:68) ~[hibernate-core-5.2.2.Final.jar:5.2.2.Final]
	at com.atom.hibernateSwing.dao.ProductsDAOImpl.commitCurrentSession(ProductsDAOImpl.java:113) ~[classes/:?]
	at com.atom.hibernateSwing.MVC.Controller$20.actionPerformed(Controller.java:929) [classes/:?]
	at javax.swing.AbstractButton.fireActionPerformed(AbstractButton.java:2022) [?:1.8.0_60]
	at javax.swing.AbstractButton$Handler.actionPerformed(AbstractButton.java:2348) [?:1.8.0_60]
	at javax.swing.DefaultButtonModel.fireActionPerformed(DefaultButtonModel.java:402) [?:1.8.0_60]
	at javax.swing.DefaultButtonModel.setPressed(DefaultButtonModel.java:259) [?:1.8.0_60]
	at javax.swing.plaf.basic.BasicButtonListener.mouseReleased(BasicButtonListener.java:252) [?:1.8.0_60]
	at java.awt.Component.processMouseEvent(Component.java:6535) [?:1.8.0_60]
	at javax.swing.JComponent.processMouseEvent(JComponent.java:3324) [?:1.8.0_60]
	at java.awt.Component.processEvent(Component.java:6300) [?:1.8.0_60]
	at java.awt.Container.processEvent(Container.java:2236) [?:1.8.0_60]
	at java.awt.Component.dispatchEventImpl(Component.java:4891) [?:1.8.0_60]
	at java.awt.Container.dispatchEventImpl(Container.java:2294) [?:1.8.0_60]
	at java.awt.Component.dispatchEvent(Component.java:4713) [?:1.8.0_60]
	at java.awt.LightweightDispatcher.retargetMouseEvent(Container.java:4888) [?:1.8.0_60]
	at java.awt.LightweightDispatcher.processMouseEvent(Container.java:4525) [?:1.8.0_60]
	at java.awt.LightweightDispatcher.dispatchEvent(Container.java:4466) [?:1.8.0_60]
	at java.awt.Container.dispatchEventImpl(Container.java:2280) [?:1.8.0_60]
	at java.awt.Window.dispatchEventImpl(Window.java:2750) [?:1.8.0_60]
	at java.awt.Component.dispatchEvent(Component.java:4713) [?:1.8.0_60]
	at java.awt.EventQueue.dispatchEventImpl(EventQueue.java:758) [?:1.8.0_60]
	at java.awt.EventQueue.access$500(EventQueue.java:97) [?:1.8.0_60]
	at java.awt.EventQueue$3.run(EventQueue.java:709) [?:1.8.0_60]
	at java.awt.EventQueue$3.run(EventQueue.java:703) [?:1.8.0_60]
	at java.security.AccessController.doPrivileged(Native Method) ~[?:1.8.0_60]
	at java.security.ProtectionDomain$JavaSecurityAccessImpl.doIntersectionPrivilege(ProtectionDomain.java:76) [?:1.8.0_60]
	at java.security.ProtectionDomain$JavaSecurityAccessImpl.doIntersectionPrivilege(ProtectionDomain.java:86) [?:1.8.0_60]
	at java.awt.EventQueue$4.run(EventQueue.java:731) [?:1.8.0_60]
	at java.awt.EventQueue$4.run(EventQueue.java:729) [?:1.8.0_60]
	at java.security.AccessController.doPrivileged(Native Method) ~[?:1.8.0_60]
	at java.security.ProtectionDomain$JavaSecurityAccessImpl.doIntersectionPrivilege(ProtectionDomain.java:76) [?:1.8.0_60]
	at java.awt.EventQueue.dispatchEvent(EventQueue.java:728) [?:1.8.0_60]
	at java.awt.EventDispatchThread.pumpOneEventForFilters(EventDispatchThread.java:201) [?:1.8.0_60]
	at java.awt.EventDispatchThread.pumpEventsForFilter(EventDispatchThread.java:116) [?:1.8.0_60]
	at java.awt.EventDispatchThread.pumpEventsForHierarchy(EventDispatchThread.java:105) [?:1.8.0_60]
	at java.awt.EventDispatchThread.pumpEvents(EventDispatchThread.java:101) [?:1.8.0_60]
	at java.awt.EventDispatchThread.pumpEvents(EventDispatchThread.java:93) [?:1.8.0_60]
	at java.awt.EventDispatchThread.run(EventDispatchThread.java:82) [?:1.8.0_60]
Caused by: org.hibernate.TransientObjectException: object references an unsaved transient instance - save the transient instance beforeQuery flushing: com.atom.hibernateSwing.model.Supplier
	at org.hibernate.engine.internal.ForeignKeys.getEntityIdentifierIfNotUnsaved(ForeignKeys.java:279) ~[hibernate-core-5.2.2.Final.jar:5.2.2.Final]
	at org.hibernate.type.EntityType.getIdentifier(EntityType.java:462) ~[hibernate-core-5.2.2.Final.jar:5.2.2.Final]
	at org.hibernate.type.ManyToOneType.isDirty(ManyToOneType.java:298) ~[hibernate-core-5.2.2.Final.jar:5.2.2.Final]
	at org.hibernate.type.ManyToOneType.isDirty(ManyToOneType.java:309) ~[hibernate-core-5.2.2.Final.jar:5.2.2.Final]
	at org.hibernate.type.TypeHelper.findDirty(TypeHelper.java:296) ~[hibernate-core-5.2.2.Final.jar:5.2.2.Final]
	at org.hibernate.persister.entity.AbstractEntityPersister.findDirty(AbstractEntityPersister.java:4139) ~[hibernate-core-5.2.2.Final.jar:5.2.2.Final]
	at org.hibernate.event.internal.DefaultFlushEntityEventListener.dirtyCheck(DefaultFlushEntityEventListener.java:528) ~[hibernate-core-5.2.2.Final.jar:5.2.2.Final]
	at org.hibernate.event.internal.DefaultFlushEntityEventListener.isUpdateNecessary(DefaultFlushEntityEventListener.java:215) ~[hibernate-core-5.2.2.Final.jar:5.2.2.Final]
	at org.hibernate.event.internal.DefaultFlushEntityEventListener.onFlushEntity(DefaultFlushEntityEventListener.java:142) ~[hibernate-core-5.2.2.Final.jar:5.2.2.Final]
	at org.hibernate.event.internal.AbstractFlushingEventListener.flushEntities(AbstractFlushingEventListener.java:216) ~[hibernate-core-5.2.2.Final.jar:5.2.2.Final]
	at org.hibernate.event.internal.AbstractFlushingEventListener.flushEverythingToExecutions(AbstractFlushingEventListener.java:85) ~[hibernate-core-5.2.2.Final.jar:5.2.2.Final]
	at org.hibernate.event.internal.DefaultFlushEventListener.onFlush(DefaultFlushEventListener.java:38) ~[hibernate-core-5.2.2.Final.jar:5.2.2.Final]
	at org.hibernate.internal.SessionImpl.doFlush(SessionImpl.java:1405) ~[hibernate-core-5.2.2.Final.jar:5.2.2.Final]
	... 46 more
2017-01-20 12:44:53,972 | WARN | o.h.o.deprecation | [AWT-EventQueue-0] HHH90000022: Hibernate's legacy org.hibernate.Criteria API is deprecated; use the JPA javax.persistence.criteria.CriteriaQuery instead
2017-01-20 12:44:55,856 | DEBUG | c.a.h.M.Controller | [AWT-EventQueue-0] AddForm: press button Cancel changes
2017-01-20 12:44:57,398 | DEBUG | c.a.h.M.Controller | [AWT-EventQueue-0] Close application
2017-01-20 12:44:57,401 | INFO | o.h.o.c.pooling | [AWT-EventQueue-0] HHH10001008: Cleaning up connection pool [jdbc:mysql://localhost/testdb]
2017-01-20 12:45:06,363 | DEBUG | c.a.h.M.Controller | [AWT-EventQueue-0] Run application
2017-01-20 12:45:06,637 | INFO | o.h.Version | [AWT-EventQueue-0] HHH000412: Hibernate Core {5.2.2.Final}
2017-01-20 12:45:06,639 | INFO | o.h.c.Environment | [AWT-EventQueue-0] HHH000206: hibernate.properties not found
2017-01-20 12:45:06,641 | INFO | o.h.c.Environment | [AWT-EventQueue-0] HHH000021: Bytecode provider name : javassist
2017-01-20 12:45:07,348 | INFO | c.a.h.u.HibernateUtil | [AWT-EventQueue-0] Hibernate Annotation Configuration loaded
2017-01-20 12:45:07,368 | INFO | c.a.h.u.HibernateUtil | [AWT-EventQueue-0] Hibernate Annotation serviceRegistry created
2017-01-20 12:45:07,408 | INFO | o.h.a.c.Version | [AWT-EventQueue-0] HCANN000001: Hibernate Commons Annotations {5.0.1.Final}
2017-01-20 12:45:07,507 | WARN | o.h.o.c.pooling | [AWT-EventQueue-0] HHH10001002: Using Hibernate built-in connection pool (not for production use!)
2017-01-20 12:45:07,514 | INFO | o.h.o.c.pooling | [AWT-EventQueue-0] HHH10001005: using driver [com.mysql.jdbc.Driver] at URL [jdbc:mysql://localhost/testdb]
2017-01-20 12:45:07,515 | INFO | o.h.o.c.pooling | [AWT-EventQueue-0] HHH10001001: Connection properties: {user=postgres, password=****}
2017-01-20 12:45:07,515 | INFO | o.h.o.c.pooling | [AWT-EventQueue-0] HHH10001003: Autocommit mode: false
2017-01-20 12:45:07,518 | INFO | o.h.e.j.c.i.DriverManagerConnectionProviderImpl | [AWT-EventQueue-0] HHH000115: Hibernate connection pool size: 20 (min=1)
2017-01-20 12:45:07,964 | INFO | o.h.d.Dialect | [AWT-EventQueue-0] HHH000400: Using dialect: org.hibernate.dialect.MySQL5Dialect
2017-01-20 12:45:09,094 | INFO | o.h.o.c.access | [AWT-EventQueue-0] HHH10001501: Connection obtained from JdbcConnectionAccess [org.hibernate.engine.jdbc.env.internal.JdbcEnvironmentInitiator$ConnectionProviderJdbcConnectionAccess@44aa6aa3] for (non-JTA) DDL execution was not in auto-commit mode; the Connection 'local transaction' will be committed and the Connection will be set into auto-commit mode.
2017-01-20 12:45:09,674 | WARN | o.h.o.deprecation | [AWT-EventQueue-0] HHH90000022: Hibernate's legacy org.hibernate.Criteria API is deprecated; use the JPA javax.persistence.criteria.CriteriaQuery instead
2017-01-20 12:45:09,771 | INFO | o.h.h.i.QueryTranslatorFactoryInitiator | [AWT-EventQueue-0] HHH000397: Using ASTQueryTranslatorFactory
2017-01-20 12:45:29,212 | DEBUG | c.a.h.M.Controller | [AWT-EventQueue-0] Press button Add
2017-01-20 12:45:40,957 | DEBUG | c.a.h.M.Controller | [AWT-EventQueue-0] AddForm: press button Save changes
2017-01-20 12:45:40,959 | ERROR | c.a.h.M.Controller | [AWT-EventQueue-0] AddForm: error with save new product in DB. Getting data have not correct format
2017-01-20 12:45:49,645 | DEBUG | c.a.h.M.Controller | [AWT-EventQueue-0] AddForm: press button Save changes
2017-01-20 12:45:49,807 | ERROR | o.h.i.ExceptionMapperStandardImpl | [AWT-EventQueue-0] HHH000346: Error during managed flush [org.hibernate.TransientObjectException: object references an unsaved transient instance - save the transient instance beforeQuery flushing: com.atom.hibernateSwing.model.Supplier]
2017-01-20 12:45:49,810 | ERROR | c.a.h.M.Controller | [AWT-EventQueue-0] AddForm: error with save new Product in DB
java.lang.IllegalStateException: org.hibernate.TransientObjectException: object references an unsaved transient instance - save the transient instance beforeQuery flushing: com.atom.hibernateSwing.model.Supplier
	at org.hibernate.internal.ExceptionConverterImpl.convert(ExceptionConverterImpl.java:144) ~[hibernate-core-5.2.2.Final.jar:5.2.2.Final]
	at org.hibernate.internal.ExceptionConverterImpl.convert(ExceptionConverterImpl.java:155) ~[hibernate-core-5.2.2.Final.jar:5.2.2.Final]
	at org.hibernate.internal.ExceptionConverterImpl.convert(ExceptionConverterImpl.java:162) ~[hibernate-core-5.2.2.Final.jar:5.2.2.Final]
	at org.hibernate.internal.SessionImpl.doFlush(SessionImpl.java:1411) ~[hibernate-core-5.2.2.Final.jar:5.2.2.Final]
	at org.hibernate.internal.SessionImpl.managedFlush(SessionImpl.java:475) ~[hibernate-core-5.2.2.Final.jar:5.2.2.Final]
	at org.hibernate.internal.SessionImpl.flushBeforeTransactionCompletion(SessionImpl.java:3168) ~[hibernate-core-5.2.2.Final.jar:5.2.2.Final]
	at org.hibernate.internal.SessionImpl.beforeTransactionCompletion(SessionImpl.java:2382) ~[hibernate-core-5.2.2.Final.jar:5.2.2.Final]
	at org.hibernate.engine.jdbc.internal.JdbcCoordinatorImpl.beforeTransactionCompletion(JdbcCoordinatorImpl.java:467) ~[hibernate-core-5.2.2.Final.jar:5.2.2.Final]
	at org.hibernate.resource.transaction.backend.jdbc.internal.JdbcResourceLocalTransactionCoordinatorImpl.beforeCompletionCallback(JdbcResourceLocalTransactionCoordinatorImpl.java:146) ~[hibernate-core-5.2.2.Final.jar:5.2.2.Final]
	at org.hibernate.resource.transaction.backend.jdbc.internal.JdbcResourceLocalTransactionCoordinatorImpl.access$100(JdbcResourceLocalTransactionCoordinatorImpl.java:38) ~[hibernate-core-5.2.2.Final.jar:5.2.2.Final]
	at org.hibernate.resource.transaction.backend.jdbc.internal.JdbcResourceLocalTransactionCoordinatorImpl$TransactionDriverControlImpl.commit(JdbcResourceLocalTransactionCoordinatorImpl.java:220) ~[hibernate-core-5.2.2.Final.jar:5.2.2.Final]
	at org.hibernate.engine.transaction.internal.TransactionImpl.commit(TransactionImpl.java:68) ~[hibernate-core-5.2.2.Final.jar:5.2.2.Final]
	at com.atom.hibernateSwing.dao.ProductsDAOImpl.commitCurrentSession(ProductsDAOImpl.java:113) ~[classes/:?]
	at com.atom.hibernateSwing.MVC.Controller$20.actionPerformed(Controller.java:929) [classes/:?]
	at javax.swing.AbstractButton.fireActionPerformed(AbstractButton.java:2022) [?:1.8.0_60]
	at javax.swing.AbstractButton$Handler.actionPerformed(AbstractButton.java:2348) [?:1.8.0_60]
	at javax.swing.DefaultButtonModel.fireActionPerformed(DefaultButtonModel.java:402) [?:1.8.0_60]
	at javax.swing.DefaultButtonModel.setPressed(DefaultButtonModel.java:259) [?:1.8.0_60]
	at javax.swing.plaf.basic.BasicButtonListener.mouseReleased(BasicButtonListener.java:252) [?:1.8.0_60]
	at java.awt.Component.processMouseEvent(Component.java:6535) [?:1.8.0_60]
	at javax.swing.JComponent.processMouseEvent(JComponent.java:3324) [?:1.8.0_60]
	at java.awt.Component.processEvent(Component.java:6300) [?:1.8.0_60]
	at java.awt.Container.processEvent(Container.java:2236) [?:1.8.0_60]
	at java.awt.Component.dispatchEventImpl(Component.java:4891) [?:1.8.0_60]
	at java.awt.Container.dispatchEventImpl(Container.java:2294) [?:1.8.0_60]
	at java.awt.Component.dispatchEvent(Component.java:4713) [?:1.8.0_60]
	at java.awt.LightweightDispatcher.retargetMouseEvent(Container.java:4888) [?:1.8.0_60]
	at java.awt.LightweightDispatcher.processMouseEvent(Container.java:4525) [?:1.8.0_60]
	at java.awt.LightweightDispatcher.dispatchEvent(Container.java:4466) [?:1.8.0_60]
	at java.awt.Container.dispatchEventImpl(Container.java:2280) [?:1.8.0_60]
	at java.awt.Window.dispatchEventImpl(Window.java:2750) [?:1.8.0_60]
	at java.awt.Component.dispatchEvent(Component.java:4713) [?:1.8.0_60]
	at java.awt.EventQueue.dispatchEventImpl(EventQueue.java:758) [?:1.8.0_60]
	at java.awt.EventQueue.access$500(EventQueue.java:97) [?:1.8.0_60]
	at java.awt.EventQueue$3.run(EventQueue.java:709) [?:1.8.0_60]
	at java.awt.EventQueue$3.run(EventQueue.java:703) [?:1.8.0_60]
	at java.security.AccessController.doPrivileged(Native Method) ~[?:1.8.0_60]
	at java.security.ProtectionDomain$JavaSecurityAccessImpl.doIntersectionPrivilege(ProtectionDomain.java:76) [?:1.8.0_60]
	at java.security.ProtectionDomain$JavaSecurityAccessImpl.doIntersectionPrivilege(ProtectionDomain.java:86) [?:1.8.0_60]
	at java.awt.EventQueue$4.run(EventQueue.java:731) [?:1.8.0_60]
	at java.awt.EventQueue$4.run(EventQueue.java:729) [?:1.8.0_60]
	at java.security.AccessController.doPrivileged(Native Method) ~[?:1.8.0_60]
	at java.security.ProtectionDomain$JavaSecurityAccessImpl.doIntersectionPrivilege(ProtectionDomain.java:76) [?:1.8.0_60]
	at java.awt.EventQueue.dispatchEvent(EventQueue.java:728) [?:1.8.0_60]
	at java.awt.EventDispatchThread.pumpOneEventForFilters(EventDispatchThread.java:201) [?:1.8.0_60]
	at java.awt.EventDispatchThread.pumpEventsForFilter(EventDispatchThread.java:116) [?:1.8.0_60]
	at java.awt.EventDispatchThread.pumpEventsForHierarchy(EventDispatchThread.java:105) [?:1.8.0_60]
	at java.awt.EventDispatchThread.pumpEvents(EventDispatchThread.java:101) [?:1.8.0_60]
	at java.awt.EventDispatchThread.pumpEvents(EventDispatchThread.java:93) [?:1.8.0_60]
	at java.awt.EventDispatchThread.run(EventDispatchThread.java:82) [?:1.8.0_60]
Caused by: org.hibernate.TransientObjectException: object references an unsaved transient instance - save the transient instance beforeQuery flushing: com.atom.hibernateSwing.model.Supplier
	at org.hibernate.engine.internal.ForeignKeys.getEntityIdentifierIfNotUnsaved(ForeignKeys.java:279) ~[hibernate-core-5.2.2.Final.jar:5.2.2.Final]
	at org.hibernate.type.EntityType.getIdentifier(EntityType.java:462) ~[hibernate-core-5.2.2.Final.jar:5.2.2.Final]
	at org.hibernate.type.ManyToOneType.isDirty(ManyToOneType.java:298) ~[hibernate-core-5.2.2.Final.jar:5.2.2.Final]
	at org.hibernate.type.ManyToOneType.isDirty(ManyToOneType.java:309) ~[hibernate-core-5.2.2.Final.jar:5.2.2.Final]
	at org.hibernate.type.TypeHelper.findDirty(TypeHelper.java:296) ~[hibernate-core-5.2.2.Final.jar:5.2.2.Final]
	at org.hibernate.persister.entity.AbstractEntityPersister.findDirty(AbstractEntityPersister.java:4139) ~[hibernate-core-5.2.2.Final.jar:5.2.2.Final]
	at org.hibernate.event.internal.DefaultFlushEntityEventListener.dirtyCheck(DefaultFlushEntityEventListener.java:528) ~[hibernate-core-5.2.2.Final.jar:5.2.2.Final]
	at org.hibernate.event.internal.DefaultFlushEntityEventListener.isUpdateNecessary(DefaultFlushEntityEventListener.java:215) ~[hibernate-core-5.2.2.Final.jar:5.2.2.Final]
	at org.hibernate.event.internal.DefaultFlushEntityEventListener.onFlushEntity(DefaultFlushEntityEventListener.java:142) ~[hibernate-core-5.2.2.Final.jar:5.2.2.Final]
	at org.hibernate.event.internal.AbstractFlushingEventListener.flushEntities(AbstractFlushingEventListener.java:216) ~[hibernate-core-5.2.2.Final.jar:5.2.2.Final]
	at org.hibernate.event.internal.AbstractFlushingEventListener.flushEverythingToExecutions(AbstractFlushingEventListener.java:85) ~[hibernate-core-5.2.2.Final.jar:5.2.2.Final]
	at org.hibernate.event.internal.DefaultFlushEventListener.onFlush(DefaultFlushEventListener.java:38) ~[hibernate-core-5.2.2.Final.jar:5.2.2.Final]
	at org.hibernate.internal.SessionImpl.doFlush(SessionImpl.java:1405) ~[hibernate-core-5.2.2.Final.jar:5.2.2.Final]
	... 46 more
2017-01-20 12:45:51,066 | WARN | o.h.o.deprecation | [AWT-EventQueue-0] HHH90000022: Hibernate's legacy org.hibernate.Criteria API is deprecated; use the JPA javax.persistence.criteria.CriteriaQuery instead
2017-01-20 12:47:24,985 | DEBUG | c.a.h.M.Controller | [AWT-EventQueue-0] AddForm: press button Cancel changes
2017-01-20 13:50:36,757 | DEBUG | c.a.h.M.Controller | [AWT-EventQueue-0] Close application
2017-01-20 13:50:36,759 | INFO | o.h.o.c.pooling | [AWT-EventQueue-0] HHH10001008: Cleaning up connection pool [jdbc:mysql://localhost/testdb]
2017-01-20 14:33:38,523 | DEBUG | c.a.h.M.Controller | [AWT-EventQueue-0] Run application
2017-01-20 14:33:38,813 | INFO | o.h.Version | [AWT-EventQueue-0] HHH000412: Hibernate Core {5.2.2.Final}
2017-01-20 14:33:38,815 | INFO | o.h.c.Environment | [AWT-EventQueue-0] HHH000206: hibernate.properties not found
2017-01-20 14:33:38,818 | INFO | o.h.c.Environment | [AWT-EventQueue-0] HHH000021: Bytecode provider name : javassist
2017-01-20 14:33:39,476 | INFO | c.a.h.u.HibernateUtil | [AWT-EventQueue-0] Hibernate Annotation Configuration loaded
2017-01-20 14:33:39,489 | INFO | c.a.h.u.HibernateUtil | [AWT-EventQueue-0] Hibernate Annotation serviceRegistry created
2017-01-20 14:33:39,524 | INFO | o.h.a.c.Version | [AWT-EventQueue-0] HCANN000001: Hibernate Commons Annotations {5.0.1.Final}
2017-01-20 14:33:39,689 | WARN | o.h.o.c.pooling | [AWT-EventQueue-0] HHH10001002: Using Hibernate built-in connection pool (not for production use!)
2017-01-20 14:33:39,700 | INFO | o.h.o.c.pooling | [AWT-EventQueue-0] HHH10001005: using driver [com.mysql.jdbc.Driver] at URL [jdbc:mysql://localhost/testdb]
2017-01-20 14:33:39,701 | INFO | o.h.o.c.pooling | [AWT-EventQueue-0] HHH10001001: Connection properties: {user=postgres, password=****}
2017-01-20 14:33:39,701 | INFO | o.h.o.c.pooling | [AWT-EventQueue-0] HHH10001003: Autocommit mode: false
2017-01-20 14:33:39,706 | INFO | o.h.e.j.c.i.DriverManagerConnectionProviderImpl | [AWT-EventQueue-0] HHH000115: Hibernate connection pool size: 20 (min=1)
2017-01-20 14:33:40,113 | INFO | o.h.d.Dialect | [AWT-EventQueue-0] HHH000400: Using dialect: org.hibernate.dialect.MySQL5Dialect
2017-01-20 14:33:41,216 | INFO | o.h.o.c.access | [AWT-EventQueue-0] HHH10001501: Connection obtained from JdbcConnectionAccess [org.hibernate.engine.jdbc.env.internal.JdbcEnvironmentInitiator$ConnectionProviderJdbcConnectionAccess@34f0d224] for (non-JTA) DDL execution was not in auto-commit mode; the Connection 'local transaction' will be committed and the Connection will be set into auto-commit mode.
2017-01-20 14:33:41,876 | WARN | o.h.o.deprecation | [AWT-EventQueue-0] HHH90000022: Hibernate's legacy org.hibernate.Criteria API is deprecated; use the JPA javax.persistence.criteria.CriteriaQuery instead
2017-01-20 14:33:41,979 | INFO | o.h.h.i.QueryTranslatorFactoryInitiator | [AWT-EventQueue-0] HHH000397: Using ASTQueryTranslatorFactory
2017-01-20 14:34:10,778 | DEBUG | c.a.h.M.Controller | [AWT-EventQueue-0] Press button Add
2017-01-20 14:34:29,855 | DEBUG | c.a.h.M.Controller | [AWT-EventQueue-0] AddForm: press button Save changes
2017-01-20 14:34:30,243 | WARN | o.h.o.deprecation | [AWT-EventQueue-0] HHH90000022: Hibernate's legacy org.hibernate.Criteria API is deprecated; use the JPA javax.persistence.criteria.CriteriaQuery instead
2017-01-20 14:34:30,304 | DEBUG | c.a.h.M.Controller | [AWT-EventQueue-0] AddForm: successful save new product in DB
2017-01-20 14:34:37,766 | DEBUG | c.a.h.M.Controller | [AWT-EventQueue-0] AddForm: press button Cancel changes
2017-01-20 14:34:39,576 | DEBUG | c.a.h.M.Controller | [AWT-EventQueue-0] Press button Search
2017-01-20 14:34:41,964 | DEBUG | c.a.h.M.Controller | [AWT-EventQueue-0] Press button Add
2017-01-20 14:34:42,014 | DEBUG | c.a.h.M.Controller | [AWT-EventQueue-0] AddForm: select another Supplier for product
2017-01-20 14:34:48,645 | DEBUG | c.a.h.M.Controller | [AWT-EventQueue-0] AddForm: press button Save changes
2017-01-20 14:34:48,907 | WARN | o.h.o.deprecation | [AWT-EventQueue-0] HHH90000022: Hibernate's legacy org.hibernate.Criteria API is deprecated; use the JPA javax.persistence.criteria.CriteriaQuery instead
2017-01-20 14:34:49,046 | DEBUG | c.a.h.M.Controller | [AWT-EventQueue-0] AddForm: successful save new product in DB
2017-01-20 14:34:50,442 | DEBUG | c.a.h.M.Controller | [AWT-EventQueue-0] AddForm: press button Cancel changes
2017-01-20 14:34:51,711 | DEBUG | c.a.h.M.Controller | [AWT-EventQueue-0] Press button Search
2017-01-20 14:34:54,310 | DEBUG | c.a.h.M.Controller | [AWT-EventQueue-0] Press button Add
2017-01-20 14:34:54,327 | DEBUG | c.a.h.M.Controller | [AWT-EventQueue-0] AddForm: select another Supplier for product
2017-01-20 14:34:57,182 | DEBUG | c.a.h.M.Controller | [AWT-EventQueue-0] AddForm: select another Supplier for product
2017-01-20 14:35:11,365 | DEBUG | c.a.h.M.Controller | [AWT-EventQueue-0] AddForm: press button Save changes
2017-01-20 14:35:11,591 | WARN | o.h.o.deprecation | [AWT-EventQueue-0] HHH90000022: Hibernate's legacy org.hibernate.Criteria API is deprecated; use the JPA javax.persistence.criteria.CriteriaQuery instead
2017-01-20 14:35:11,602 | DEBUG | c.a.h.M.Controller | [AWT-EventQueue-0] AddForm: successful save new product in DB
2017-01-20 14:35:12,942 | DEBUG | c.a.h.M.Controller | [AWT-EventQueue-0] AddForm: press button Cancel changes
2017-01-20 14:35:14,161 | DEBUG | c.a.h.M.Controller | [AWT-EventQueue-0] Press button Search
2017-01-20 14:35:15,911 | DEBUG | c.a.h.M.Controller | [AWT-EventQueue-0] Select row in table with ID 7
2017-01-20 14:35:16,032 | DEBUG | c.a.h.M.Controller | [AWT-EventQueue-0] Select row in table with ID 7
2017-01-20 14:35:16,761 | DEBUG | c.a.h.M.Controller | [AWT-EventQueue-0] Select row in table with ID 8
2017-01-20 14:35:16,883 | DEBUG | c.a.h.M.Controller | [AWT-EventQueue-0] Select row in table with ID 8
2017-01-20 14:35:22,064 | DEBUG | c.a.h.M.Controller | [AWT-EventQueue-0] Press button Add
2017-01-20 14:35:22,106 | DEBUG | c.a.h.M.Controller | [AWT-EventQueue-0] AddForm: select another Supplier for product
2017-01-20 14:35:31,215 | DEBUG | c.a.h.M.Controller | [AWT-EventQueue-0] AddForm: press button Save changes
2017-01-20 14:35:32,186 | WARN | o.h.o.deprecation | [AWT-EventQueue-0] HHH90000022: Hibernate's legacy org.hibernate.Criteria API is deprecated; use the JPA javax.persistence.criteria.CriteriaQuery instead
2017-01-20 14:35:32,344 | DEBUG | c.a.h.M.Controller | [AWT-EventQueue-0] AddForm: successful save new product in DB
2017-01-20 14:35:33,247 | DEBUG | c.a.h.M.Controller | [AWT-EventQueue-0] AddForm: press button Cancel changes
2017-01-20 14:35:35,056 | DEBUG | c.a.h.M.Controller | [AWT-EventQueue-0] Press button Search
2017-01-20 14:35:38,295 | DEBUG | c.a.h.M.Controller | [AWT-EventQueue-0] Press button Add
2017-01-20 14:35:38,326 | DEBUG | c.a.h.M.Controller | [AWT-EventQueue-0] AddForm: select another Supplier for product
2017-01-20 14:35:43,213 | DEBUG | c.a.h.M.Controller | [AWT-EventQueue-0] AddForm: press button Cancel changes
2017-01-20 14:35:46,430 | DEBUG | c.a.h.M.Controller | [AWT-EventQueue-0] Select row in table with ID 9
2017-01-20 14:35:46,552 | DEBUG | c.a.h.M.Controller | [AWT-EventQueue-0] Select row in table with ID 9
2017-01-20 14:35:47,660 | DEBUG | c.a.h.M.Controller | [AWT-EventQueue-0] Press button Delete
2017-01-20 14:35:48,559 | WARN | o.h.o.deprecation | [AWT-EventQueue-0] HHH90000022: Hibernate's legacy org.hibernate.Criteria API is deprecated; use the JPA javax.persistence.criteria.CriteriaQuery instead
2017-01-20 14:35:51,103 | DEBUG | c.a.h.M.Controller | [AWT-EventQueue-0] Select row in table with ID 8
2017-01-20 14:35:51,227 | DEBUG | c.a.h.M.Controller | [AWT-EventQueue-0] Select row in table with ID 8
2017-01-20 14:35:53,704 | DEBUG | c.a.h.M.Controller | [AWT-EventQueue-0] Press button Delete
2017-01-20 14:35:54,757 | WARN | o.h.o.deprecation | [AWT-EventQueue-0] HHH90000022: Hibernate's legacy org.hibernate.Criteria API is deprecated; use the JPA javax.persistence.criteria.CriteriaQuery instead
2017-01-20 14:35:57,127 | DEBUG | c.a.h.M.Controller | [AWT-EventQueue-0] Select row in table with ID 7
2017-01-20 14:35:57,247 | DEBUG | c.a.h.M.Controller | [AWT-EventQueue-0] Select row in table with ID 7
2017-01-20 14:35:58,356 | DEBUG | c.a.h.M.Controller | [AWT-EventQueue-0] Press button Delete
2017-01-20 14:35:59,435 | WARN | o.h.o.deprecation | [AWT-EventQueue-0] HHH90000022: Hibernate's legacy org.hibernate.Criteria API is deprecated; use the JPA javax.persistence.criteria.CriteriaQuery instead
2017-01-20 14:36:01,853 | DEBUG | c.a.h.M.Controller | [AWT-EventQueue-0] Select row in table with ID 6
2017-01-20 14:36:01,976 | DEBUG | c.a.h.M.Controller | [AWT-EventQueue-0] Select row in table with ID 6
2017-01-20 14:36:02,936 | DEBUG | c.a.h.M.Controller | [AWT-EventQueue-0] Press button Delete
2017-01-20 14:36:03,947 | WARN | o.h.o.deprecation | [AWT-EventQueue-0] HHH90000022: Hibernate's legacy org.hibernate.Criteria API is deprecated; use the JPA javax.persistence.criteria.CriteriaQuery instead
2017-01-20 14:36:06,573 | DEBUG | c.a.h.M.Controller | [AWT-EventQueue-0] Press button Search
